Flow report for DE2_70_NET
Tue Nov 20 10:04:05 2007
Quartus II Version 7.2 Build 151 09/26/2007 SJ Full Version


---------------------
; Table of Contents ;
---------------------
  1. Legal Notice
  2. Flow Summary
  3. Flow Settings
  4. Flow Non-Default Global Settings
  5. Flow Elapsed Time
  6. Flow Log



----------------
; Legal Notice ;
----------------
Copyright (C) 1991-2007 Altera Corporation
Your use of Altera Corporation's design tools, logic functions 
and other software and tools, and its AMPP partner logic 
functions, and any output files from any of the foregoing 
(including device programming or simulation files), and any 
associated documentation or information are expressly subject 
to the terms and conditions of the Altera Program License 
Subscription Agreement, Altera MegaCore Function License 
Agreement, or other applicable license agreement, including, 
without limitation, that your use is for the sole purpose of 
programming logic devices manufactured by Altera and sold by 
Altera or its authorized distributors.  Please refer to the 
applicable agreement for further details.



+-------------------------------------------------------------------------------+
; Flow Summary                                                                  ;
+------------------------------------+------------------------------------------+
; Flow Status                        ; Successful - Tue Nov 20 10:04:04 2007    ;
; Quartus II Version                 ; 7.2 Build 151 09/26/2007 SJ Full Version ;
; Revision Name                      ; DE2_70_NET                               ;
; Top-level Entity Name              ; DE2_70_NET                               ;
; Family                             ; Cyclone II                               ;
; Device                             ; EP2C70F896C6                             ;
; Timing Models                      ; Final                                    ;
; Met timing requirements            ; No                                       ;
; Total logic elements               ; 6,805 / 68,416 ( 10 % )                  ;
;     Total combinational functions  ; 5,894 / 68,416 ( 9 % )                   ;
;     Dedicated logic registers      ; 4,007 / 68,416 ( 6 % )                   ;
; Total registers                    ; 4342                                     ;
; Total pins                         ; 540 / 622 ( 87 % )                       ;
; Total virtual pins                 ; 0                                        ;
; Total memory bits                  ; 151,488 / 1,152,000 ( 13 % )             ;
; Embedded Multiplier 9-bit elements ; 4 / 300 ( 1 % )                          ;
; Total PLLs                         ; 1 / 4 ( 25 % )                           ;
+------------------------------------+------------------------------------------+


+-----------------------------------------+
; Flow Settings                           ;
+-------------------+---------------------+
; Option            ; Setting             ;
+-------------------+---------------------+
; Start date & time ; 11/20/2007 09:57:27 ;
; Main task         ; Compilation         ;
; Revision Name     ; DE2_70_NET          ;
+-------------------+---------------------+


+--------------------------------------------------------------------------------------------------------------------------------------------------------------------------------------------------------------------------------------------+
; Flow Non-Default Global Settings                                                                                                                                                                                                           ;
+------------------------+------------------------------------------------------------------------------------------------------------------------------------------------------------------------+---------------+-------------+------------+
; Assignment Name        ; Value                                                                                                                                                                  ; Default Value ; Entity Name ; Section Id ;
+------------------------+------------------------------------------------------------------------------------------------------------------------------------------------------------------------+---------------+-------------+------------+
; PARTITION_COLOR        ; 2147039                                                                                                                                                                ; --            ; --          ; Top        ;
; PARTITION_NETLIST_TYPE ; SOURCE                                                                                                                                                                 ; --            ; --          ; Top        ;
; USER_LIBRARIES         ; ip/terasic_seg7/hdl;ip/terasic_isp1362/hdl;ip/terasic_dm9000a/hdl;ip/terasic_audio/hdl;ip/terasic_binary_vga_controller/hdl;c:\program files\procwizard\gidel_hdl_lib/ ; --            ; --          ; --         ;
+------------------------+------------------------------------------------------------------------------------------------------------------------------------------------------------------------+---------------+-------------+------------+


+------------------------------------------------------------------+
; Flow Elapsed Time                                                ;
+-------------------------+--------------+-------------------------+
; Module Name             ; Elapsed Time ; Average Processors Used ;
+-------------------------+--------------+-------------------------+
; Analysis & Synthesis    ; 00:01:45     ; 1.0                     ;
; Fitter                  ; 00:04:10     ; 1.0                     ;
; Assembler               ; 00:00:23     ; 1.0                     ;
; Classic Timing Analyzer ; 00:00:09     ; 1.0                     ;
; Total                   ; 00:06:27     ; --                      ;
+-------------------------+--------------+-------------------------+


------------
; Flow Log ;
------------
quartus_map --read_settings_files=on --write_settings_files=off DE2_70_NET -c DE2_70_NET
quartus_fit --read_settings_files=off --write_settings_files=off DE2_70_NET -c DE2_70_NET
quartus_asm --read_settings_files=off --write_settings_files=off DE2_70_NET -c DE2_70_NET
quartus_tan --read_settings_files=off --write_settings_files=off DE2_70_NET -c DE2_70_NET --timing_analysis_only



